<?xml version="1.0" encoding="UTF-8"?>
<testsuite name="skkuse.team7.refactorengine.service.RefactorServiceTest" tests="4" skipped="0" failures="0" errors="0" timestamp="2024-06-06T21:12:11" hostname="jangseopui-MacBookPro.local" time="0.046">
  <properties/>
  <testcase name=".size() 반복 제거 리펙터링 로직 (in while statement)" classname="skkuse.team7.refactorengine.service.RefactorServiceTest" time="0.039"/>
  <testcase name=".size() 반복 제거 리펙터링 로직 (in for statement)" classname="skkuse.team7.refactorengine.service.RefactorServiceTest" time="0.001"/>
  <testcase name="중첩된 if 제거 리펙터링 로직" classname="skkuse.team7.refactorengine.service.RefactorServiceTest" time="0.003"/>
  <testcase name="중첩된 if 제거 리펙터링 로직 - 제거할 것이 없는 경우 Buggy 클래스를 그대로 리턴한다." classname="skkuse.team7.refactorengine.service.RefactorServiceTest" time="0.001"/>
  <system-out><![CDATA[public class Fixed {
    public static void main(String[] args) {
        boolean cond1 = true;
        boolean cond2 = true;
        boolean cond3 = false;
        boolean cond4 = false;

        if (cond1 && cond2 && cond3) {


                    System.out.println("Hello");
                    System.out.println("Hello");
                    System.out.println("Hello");


        }
    }
}
]]></system-out>
  <system-err><![CDATA[]]></system-err>
</testsuite>
