<?xml version="1.0" encoding="UTF-8"?>
<testsuite name="skkuse.team7.refactorengine.service.RefactorServiceTest" tests="5" skipped="0" failures="0" errors="0" timestamp="2024-06-13T02:24:00" hostname="jeonghansaem-ui-MacBookAir.local" time="0.025">
  <properties/>
  <testcase name=".size() 반복 제거 리펙터링 로직 (in while statement)" classname="skkuse.team7.refactorengine.service.RefactorServiceTest" time="0.02"/>
  <testcase name=".size() 반복 제거 리펙터링 로직 (in for statement)" classname="skkuse.team7.refactorengine.service.RefactorServiceTest" time="0.001"/>
  <testcase name="중첩된 if 제거 리펙터링 로직" classname="skkuse.team7.refactorengine.service.RefactorServiceTest" time="0.001"/>
  <testcase name="객체 생성 반복 제거 리펙터링 로직" classname="skkuse.team7.refactorengine.service.RefactorServiceTest" time="0.002"/>
  <testcase name="중첩된 if 제거 리펙터링 로직 - 제거할 것이 없는 경우 Buggy 클래스를 그대로 리턴한다." classname="skkuse.team7.refactorengine.service.RefactorServiceTest" time="0.0"/>
  <system-out><![CDATA[!
start:0~ end:2
0 ~ 2
            A b = new A(); in 3 ~ 6
!
start:-1~ end:-1
start:-1~ end:-1
-1 ~ -1
]]></system-out>
  <system-err><![CDATA[]]></system-err>
</testsuite>
